This is pdfTeX, Version 3.14159265-2.6-1.40.21 (MiKTeX 2.9.7380) (preloaded format=pdflatex 2020.8.30)  6 SEP 2020 22:12
entering extended mode
**./lab22.tex
(lab22.tex
LaTeX2e <2020-02-02> patch level 5
L3 programming layer <2020-03-06>
("C:\Users\–ê–ª–µ–∫—Å–µ–π\AppData\Local\Programs\MiKTeX 2.9\tex/latex/base\book
.cls"
Document Class: book 2019/12/20 v1.4l Standard LaTeX document class

("C:\Users\–ê–ª–µ–∫—Å–µ–π\AppData\Local\Programs\MiKTeX 2.9\tex/latex/base\bk10
.clo"
File: bk10.clo 2019/12/20 v1.4l Standard LaTeX file (size option)
)
\c@part=\count167
\c@chapter=\count168
\c@section=\count169
\c@subsection=\count170
\c@subsubsection=\count171
\c@paragraph=\count172
\c@subparagraph=\count173
\c@figure=\count174
\c@table=\count175
\abovecaptionskip=\skip47
\belowcaptionskip=\skip48
\bibindent=\dimen134
)
("C:\Users\–ê–ª–µ–∫—Å–µ–π\AppData\Local\Programs\MiKTeX 2.9\tex/latex/base\inpu
tenc.sty"
Package: inputenc 2018/08/11 v1.3c Input encoding file
\inpenc@prehook=\toks15
\inpenc@posthook=\toks16
)
("C:\Users\–ê–ª–µ–∫—Å–µ–π\AppData\Local\Programs\MiKTeX 2.9\tex/generic/soulutf
8\soulutf8.sty"
Package: soulutf8 2019/12/15 v1.2 Permit use of UTF-8 characters in soul (HO)

("C:\Users\–ê–ª–µ–∫—Å–µ–π\AppData\Local\Programs\MiKTeX 2.9\tex/latex/soul\soul
.sty"
Package: soul 2003/11/17 v2.4 letterspacing/underlining (mf)
\SOUL@word=\toks17
\SOUL@lasttoken=\toks18
\SOUL@cmds=\toks19
\SOUL@buffer=\toks20
\SOUL@token=\toks21
\SOUL@spaceskip=\skip49
\SOUL@ttwidth=\dimen135
\SOUL@uldp=\dimen136
\SOUL@ulht=\dimen137
)
("C:\Users\–ê–ª–µ–∫—Å–µ–π\AppData\Local\Programs\MiKTeX 2.9\tex/generic/infware
rr\infwarerr.sty"
Package: infwarerr 2019/12/03 v1.5 Providing info/warning/error messages (HO)
)
("C:\Users\–ê–ª–µ–∫—Å–µ–π\AppData\Local\Programs\MiKTeX 2.9\tex/generic/etexcmd
s\etexcmds.sty"
Package: etexcmds 2019/12/15 v1.7 Avoid name clashes with e-TeX commands (HO)

("C:\Users\–ê–ª–µ–∫—Å–µ–π\AppData\Local\Programs\MiKTeX 2.9\tex/generic/iftex\i
ftex.sty"
Package: iftex 2020/03/06 v1.0d TeX engine tests
)))
("C:\Users\–ê–ª–µ–∫—Å–µ–π\AppData\Local\Programs\MiKTeX 2.9\tex/generic/babel\b
abel.sty"
Package: babel 2020/03/22 3.42 The Babel package

("C:\Users\–ê–ª–µ–∫—Å–µ–π\AppData\Local\Programs\MiKTeX 2.9\tex/generic/babel\s
witch.def"
File: switch.def 2020/03/22 3.42 Babel switching mechanism
)
*************************************
* Local config file bblopts.cfg used
*

("C:\Users\–ê–ª–µ–∫—Å–µ–π\AppData\Local\Programs\MiKTeX 2.9\tex/latex/arabi\bbl
opts.cfg"
File: bblopts.cfg 2005/09/08 v0.1 add Arabic and Farsi to "declared" options of
 babel
)
("C:\Users\–ê–ª–µ–∫—Å–µ–π\AppData\Local\Programs\MiKTeX 2.9\tex/latex/babel-rus
sian\russianb.ldf"
Language: russian 2017/08/12 1.3j Russian support for the Babel system

("C:\Users\–ê–ª–µ–∫—Å–µ–π\AppData\Local\Programs\MiKTeX 2.9\tex/generic/babel\b
abel.def"
File: babel.def 2020/03/22 3.42 Babel common definitions
\babel@savecnt=\count176
\U@D=\dimen138

("C:\Users\–ê–ª–µ–∫—Å–µ–π\AppData\Local\Programs\MiKTeX 2.9\tex/generic/babel\t
xtbabel.def")
\bbl@readstream=\read2
\bbl@dirlevel=\count177
)

Package babel Warning: No Cyrillic font encoding has been loaded so far.
(babel)                A font encoding should be declared before babel.
(babel)                Default `T2A' encoding will be loaded  on input line 74.



("C:\Users\–ê–ª–µ–∫—Å–µ–π\AppData\Local\Programs\MiKTeX 2.9\tex/latex/cyrillic\
t2aenc.def"
File: t2aenc.def 2005/09/27 v1.0i Cyrillic encoding definition file
Now handling font encoding T2A ...
... processing UTF-8 mapping file for font encoding T2A

("C:\Users\–ê–ª–µ–∫—Å–µ–π\AppData\Local\Programs\MiKTeX 2.9\tex/latex/base\t2ae
nc.dfu"
File: t2aenc.dfu 2019/11/14 v1.2k UTF-8 support for inputenc
   defining Unicode char U+00A4 (decimal 164)
   defining Unicode char U+00A7 (decimal 167)
   defining Unicode char U+00AB (decimal 171)
   defining Unicode char U+00BB (decimal 187)
   defining Unicode char U+0131 (decimal 305)
   defining Unicode char U+0237 (decimal 567)
   defining Unicode char U+0400 (decimal 1024)
   defining Unicode char U+0401 (decimal 1025)
   defining Unicode char U+0402 (decimal 1026)
   defining Unicode char U+0403 (decimal 1027)
   defining Unicode char U+0404 (decimal 1028)
   defining Unicode char U+0405 (decimal 1029)
   defining Unicode char U+0406 (decimal 1030)
   defining Unicode char U+0407 (decimal 1031)
   defining Unicode char U+0408 (decimal 1032)
   defining Unicode char U+0409 (decimal 1033)
   defining Unicode char U+040A (decimal 1034)
   defining Unicode char U+040B (decimal 1035)
   defining Unicode char U+040C (decimal 1036)
   defining Unicode char U+040D (decimal 1037)
   defining Unicode char U+040E (decimal 1038)
   defining Unicode char U+040F (decimal 1039)
   defining Unicode char U+0410 (decimal 1040)
   defining Unicode char U+0411 (decimal 1041)
   defining Unicode char U+0412 (decimal 1042)
   defining Unicode char U+0413 (decimal 1043)
   defining Unicode char U+0414 (decimal 1044)
   defining Unicode char U+0415 (decimal 1045)
   defining Unicode char U+0416 (decimal 1046)
   defining Unicode char U+0417 (decimal 1047)
   defining Unicode char U+0418 (decimal 1048)
   defining Unicode char U+0419 (decimal 1049)
   defining Unicode char U+041A (decimal 1050)
   defining Unicode char U+041B (decimal 1051)
   defining Unicode char U+041C (decimal 1052)
   defining Unicode char U+041D (decimal 1053)
   defining Unicode char U+041E (decimal 1054)
   defining Unicode char U+041F (decimal 1055)
   defining Unicode char U+0420 (decimal 1056)
   defining Unicode char U+0421 (decimal 1057)
   defining Unicode char U+0422 (decimal 1058)
   defining Unicode char U+0423 (decimal 1059)
   defining Unicode char U+0424 (decimal 1060)
   defining Unicode char U+0425 (decimal 1061)
   defining Unicode char U+0426 (decimal 1062)
   defining Unicode char U+0427 (decimal 1063)
   defining Unicode char U+0428 (decimal 1064)
   defining Unicode char U+0429 (decimal 1065)
   defining Unicode char U+042A (decimal 1066)
   defining Unicode char U+042B (decimal 1067)
   defining Unicode char U+042C (decimal 1068)
   defining Unicode char U+042D (decimal 1069)
   defining Unicode char U+042E (decimal 1070)
   defining Unicode char U+042F (decimal 1071)
   defining Unicode char U+0430 (decimal 1072)
   defining Unicode char U+0431 (decimal 1073)
   defining Unicode char U+0432 (decimal 1074)
   defining Unicode char U+0433 (decimal 1075)
   defining Unicode char U+0434 (decimal 1076)
   defining Unicode char U+0435 (decimal 1077)
   defining Unicode char U+0436 (decimal 1078)
   defining Unicode char U+0437 (decimal 1079)
   defining Unicode char U+0438 (decimal 1080)
   defining Unicode char U+0439 (decimal 1081)
   defining Unicode char U+043A (decimal 1082)
   defining Unicode char U+043B (decimal 1083)
   defining Unicode char U+043C (decimal 1084)
   defining Unicode char U+043D (decimal 1085)
   defining Unicode char U+043E (decimal 1086)
   defining Unicode char U+043F (decimal 1087)
   defining Unicode char U+0440 (decimal 1088)
   defining Unicode char U+0441 (decimal 1089)
   defining Unicode char U+0442 (decimal 1090)
   defining Unicode char U+0443 (decimal 1091)
   defining Unicode char U+0444 (decimal 1092)
   defining Unicode char U+0445 (decimal 1093)
   defining Unicode char U+0446 (decimal 1094)
   defining Unicode char U+0447 (decimal 1095)
   defining Unicode char U+0448 (decimal 1096)
   defining Unicode char U+0449 (decimal 1097)
   defining Unicode char U+044A (decimal 1098)
   defining Unicode char U+044B (decimal 1099)
   defining Unicode char U+044C (decimal 1100)
   defining Unicode char U+044D (decimal 1101)
   defining Unicode char U+044E (decimal 1102)
   defining Unicode char U+044F (decimal 1103)
   defining Unicode char U+0450 (decimal 1104)
   defining Unicode char U+0451 (decimal 1105)
   defining Unicode char U+0452 (decimal 1106)
   defining Unicode char U+0453 (decimal 1107)
   defining Unicode char U+0454 (decimal 1108)
   defining Unicode char U+0455 (decimal 1109)
   defining Unicode char U+0456 (decimal 1110)
   defining Unicode char U+0457 (decimal 1111)
   defining Unicode char U+0458 (decimal 1112)
   defining Unicode char U+0459 (decimal 1113)
   defining Unicode char U+045A (decimal 1114)
   defining Unicode char U+045B (decimal 1115)
   defining Unicode char U+045C (decimal 1116)
   defining Unicode char U+045D (decimal 1117)
   defining Unicode char U+045E (decimal 1118)
   defining Unicode char U+045F (decimal 1119)
   defining Unicode char U+0490 (decimal 1168)
   defining Unicode char U+0491 (decimal 1169)
   defining Unicode char U+0492 (decimal 1170)
   defining Unicode char U+0493 (decimal 1171)
   defining Unicode char U+0496 (decimal 1174)
   defining Unicode char U+0497 (decimal 1175)
   defining Unicode char U+0498 (decimal 1176)
   defining Unicode char U+0499 (decimal 1177)
   defining Unicode char U+049A (decimal 1178)
   defining Unicode char U+049B (decimal 1179)
   defining Unicode char U+049C (decimal 1180)
   defining Unicode char U+049D (decimal 1181)
   defining Unicode char U+04A0 (decimal 1184)
   defining Unicode char U+04A1 (decimal 1185)
   defining Unicode char U+04A2 (decimal 1186)
   defining Unicode char U+04A3 (decimal 1187)
   defining Unicode char U+04A4 (decimal 1188)
   defining Unicode char U+04A5 (decimal 1189)
   defining Unicode char U+04AA (decimal 1194)
   defining Unicode char U+04AB (decimal 1195)
   defining Unicode char U+04AE (decimal 1198)
   defining Unicode char U+04AF (decimal 1199)
   defining Unicode char U+04B0 (decimal 1200)
   defining Unicode char U+04B1 (decimal 1201)
   defining Unicode char U+04B2 (decimal 1202)
   defining Unicode char U+04B3 (decimal 1203)
   defining Unicode char U+04B6 (decimal 1206)
   defining Unicode char U+04B7 (decimal 1207)
   defining Unicode char U+04B8 (decimal 1208)
   defining Unicode char U+04B9 (decimal 1209)
   defining Unicode char U+04BA (decimal 1210)
   defining Unicode char U+04BB (decimal 1211)
   defining Unicode char U+04C0 (decimal 1216)
   defining Unicode char U+04C1 (decimal 1217)
   defining Unicode char U+04C2 (decimal 1218)
   defining Unicode char U+04D0 (decimal 1232)
   defining Unicode char U+04D1 (decimal 1233)
   defining Unicode char U+04D2 (decimal 1234)
   defining Unicode char U+04D3 (decimal 1235)
   defining Unicode char U+04D4 (decimal 1236)
   defining Unicode char U+04D5 (decimal 1237)
   defining Unicode char U+04D6 (decimal 1238)
   defining Unicode char U+04D7 (decimal 1239)
   defining Unicode char U+04D8 (decimal 1240)
   defining Unicode char U+04D9 (decimal 1241)
   defining Unicode char U+04DA (decimal 1242)
   defining Unicode char U+04DB (decimal 1243)
   defining Unicode char U+04DC (decimal 1244)
   defining Unicode char U+04DD (decimal 1245)
   defining Unicode char U+04DE (decimal 1246)
   defining Unicode char U+04DF (decimal 1247)
   defining Unicode char U+04E2 (decimal 1250)
   defining Unicode char U+04E3 (decimal 1251)
   defining Unicode char U+04E4 (decimal 1252)
   defining Unicode char U+04E5 (decimal 1253)
   defining Unicode char U+04E6 (decimal 1254)
   defining Unicode char U+04E7 (decimal 1255)
   defining Unicode char U+04E8 (decimal 1256)
   defining Unicode char U+04E9 (decimal 1257)
   defining Unicode char U+04EC (decimal 1260)
   defining Unicode char U+04ED (decimal 1261)
   defining Unicode char U+04EE (decimal 1262)
   defining Unicode char U+04EF (decimal 1263)
   defining Unicode char U+04F0 (decimal 1264)
   defining Unicode char U+04F1 (decimal 1265)
   defining Unicode char U+04F2 (decimal 1266)
   defining Unicode char U+04F3 (decimal 1267)
   defining Unicode char U+04F4 (decimal 1268)
   defining Unicode char U+04F5 (decimal 1269)
   defining Unicode char U+04F8 (decimal 1272)
   defining Unicode char U+04F9 (decimal 1273)
   defining Unicode char U+200C (decimal 8204)
   defining Unicode char U+2013 (decimal 8211)
   defining Unicode char U+2014 (decimal 8212)
   defining Unicode char U+2018 (decimal 8216)
   defining Unicode char U+2019 (decimal 8217)
   defining Unicode char U+201C (decimal 8220)
   defining Unicode char U+201D (decimal 8221)
   defining Unicode char U+201E (decimal 8222)
   defining Unicode char U+2030 (decimal 8240)
   defining Unicode char U+2031 (decimal 8241)
   defining Unicode char U+2116 (decimal 8470)
   defining Unicode char U+2329 (decimal 9001)
   defining Unicode char U+232A (decimal 9002)
   defining Unicode char U+2423 (decimal 9251)
   defining Unicode char U+27E8 (decimal 10216)
   defining Unicode char U+27E9 (decimal 10217)
   defining Unicode char U+FB00 (decimal 64256)
   defining Unicode char U+FB01 (decimal 64257)
   defining Unicode char U+FB02 (decimal 64258)
   defining Unicode char U+FB03 (decimal 64259)
   defining Unicode char U+FB04 (decimal 64260)
   defining Unicode char U+FB05 (decimal 64261)
   defining Unicode char U+FB06 (decimal 64262)
))
Package babel Info: Making " an active character on input line 120.
Package babel Info: Default for \cyrdash is provided on input line 157.
))
("C:\Users\–ê–ª–µ–∫—Å–µ–π\AppData\Local\Programs\MiKTeX 2.9\tex/latex/amsmath\a
msmath.sty"
Package: amsmath 2020/01/20 v2.17e AMS math features
\@mathmargin=\skip50

For additional information on amsmath, use the `?' option.

("C:\Users\–ê–ª–µ–∫—Å–µ–π\AppData\Local\Programs\MiKTeX 2.9\tex/latex/amsmath\a
mstext.sty"
Package: amstext 2000/06/29 v2.01 AMS text

("C:\Users\–ê–ª–µ–∫—Å–µ–π\AppData\Local\Programs\MiKTeX 2.9\tex/latex/amsmath\a
msgen.sty"
File: amsgen.sty 1999/11/30 v2.0 generic functions
\@emptytoks=\toks22
\ex@=\dimen139
))
("C:\Users\–ê–ª–µ–∫—Å–µ–π\AppData\Local\Programs\MiKTeX 2.9\tex/latex/amsmath\a
msbsy.sty"
Package: amsbsy 1999/11/29 v1.2d Bold Symbols
\pmbraise@=\dimen140
)
("C:\Users\–ê–ª–µ–∫—Å–µ–π\AppData\Local\Programs\MiKTeX 2.9\tex/latex/amsmath\a
msopn.sty"
Package: amsopn 2016/03/08 v2.02 operator names
)
\inf@bad=\count178
LaTeX Info: Redefining \frac on input line 227.
\uproot@=\count179
\leftroot@=\count180
LaTeX Info: Redefining \overline on input line 389.
\classnum@=\count181
\DOTSCASE@=\count182
LaTeX Info: Redefining \ldots on input line 486.
LaTeX Info: Redefining \dots on input line 489.
LaTeX Info: Redefining \cdots on input line 610.
\Mathstrutbox@=\box45
\strutbox@=\box46
\big@size=\dimen141
LaTeX Font Info:    Redeclaring font encoding OML on input line 733.
LaTeX Font Info:    Redeclaring font encoding OMS on input line 734.
\macc@depth=\count183
\c@MaxMatrixCols=\count184
\dotsspace@=\muskip16
\c@parentequation=\count185
\dspbrk@lvl=\count186
\tag@help=\toks23
\row@=\count187
\column@=\count188
\maxfields@=\count189
\andhelp@=\toks24
\eqnshift@=\dimen142
\alignsep@=\dimen143
\tagshift@=\dimen144
\tagwidth@=\dimen145
\totwidth@=\dimen146
\lineht@=\dimen147
\@envbody=\toks25
\multlinegap=\skip51
\multlinetaggap=\skip52
\mathdisplay@stack=\toks26
LaTeX Info: Redefining \[ on input line 2859.
LaTeX Info: Redefining \] on input line 2860.
)
("C:\Users\–ê–ª–µ–∫—Å–µ–π\AppData\Local\Programs\MiKTeX 2.9\tex/latex/amsfonts\
amssymb.sty"
Package: amssymb 2013/01/14 v3.01 AMS font symbols

("C:\Users\–ê–ª–µ–∫—Å–µ–π\AppData\Local\Programs\MiKTeX 2.9\tex/latex/amsfonts\
amsfonts.sty"
Package: amsfonts 2013/01/14 v3.01 Basic AMSFonts support
\symAMSa=\mathgroup4
\symAMSb=\mathgroup5
LaTeX Font Info:    Redeclaring math symbol \hbar on input line 98.
LaTeX Font Info:    Overwriting math alphabet `\mathfrak' in version `bold'
(Font)                  U/euf/m/n --> U/euf/b/n on input line 106.
))
("C:\Users\–ê–ª–µ–∫—Å–µ–π\AppData\Local\Programs\MiKTeX 2.9\tex/latex/was\upgre
ek.sty"
Package: upgreek 2003/02/12 v2.0 (WaS)
Package upgreek Info: Using Euler Roman for upright Greek on input line 31.
\symugrf@m=\mathgroup6
LaTeX Font Info:    Overwriting symbol font `ugrf@m' in version `bold'
(Font)                  U/eur/m/n --> U/eur/b/n on input line 38.
)
("C:\Users\–ê–ª–µ–∫—Å–µ–π\AppData\Local\Programs\MiKTeX 2.9\tex/latex/geometry\
geometry.sty"
Package: geometry 2020/01/02 v5.9 Page Geometry

("C:\Users\–ê–ª–µ–∫—Å–µ–π\AppData\Local\Programs\MiKTeX 2.9\tex/latex/graphics\
keyval.sty"
Package: keyval 2014/10/28 v1.15 key=value parser (DPC)
\KV@toks@=\toks27
)
("C:\Users\–ê–ª–µ–∫—Å–µ–π\AppData\Local\Programs\MiKTeX 2.9\tex/generic/iftex\i
fvtex.sty"
Package: ifvtex 2019/10/25 v1.7 ifvtex legacy package. Use iftex instead.
)
\Gm@cnth=\count190
\Gm@cntv=\count191
\c@Gm@tempcnt=\count192
\Gm@bindingoffset=\dimen148
\Gm@wd@mp=\dimen149
\Gm@odd@mp=\dimen150
\Gm@even@mp=\dimen151
\Gm@layoutwidth=\dimen152
\Gm@layoutheight=\dimen153
\Gm@layouthoffset=\dimen154
\Gm@layoutvoffset=\dimen155
\Gm@dimlist=\toks28

("C:\Users\–ê–ª–µ–∫—Å–µ–π\AppData\Local\Programs\MiKTeX 2.9\tex/latex/geometry\
geometry.cfg"))
("C:\Users\–ê–ª–µ–∫—Å–µ–π\AppData\Local\Programs\MiKTeX 2.9\tex/latex/fancyhdr\
fancyhdr.sty"
Package: fancyhdr 2019/01/31 v3.10 Extensive control of page headers and footer
s
\f@nch@headwidth=\skip53
\f@nch@O@elh=\skip54
\f@nch@O@erh=\skip55
\f@nch@O@olh=\skip56
\f@nch@O@orh=\skip57
\f@nch@O@elf=\skip58
\f@nch@O@erf=\skip59
\f@nch@O@olf=\skip60
\f@nch@O@orf=\skip61
)
("C:\Users\–ê–ª–µ–∫—Å–µ–π\AppData\Local\Programs\MiKTeX 2.9\tex/latex/pgf/utili
ties\pgfpages.sty"
Package: pgfpages 2011/01/05 ver 0.02

("C:\Users\–ê–ª–µ–∫—Å–µ–π\AppData\Local\Programs\MiKTeX 2.9\tex/latex/pgf/basic
layer\pgfcore.sty"
("C:\Users\–ê–ª–µ–∫—Å–µ–π\AppData\Local\Programs\MiKTeX 2.9\tex/latex/graphics\
graphicx.sty"
Package: graphicx 2019/11/30 v1.2a Enhanced LaTeX Graphics (DPC,SPQR)

("C:\Users\–ê–ª–µ–∫—Å–µ–π\AppData\Local\Programs\MiKTeX 2.9\tex/latex/graphics\
graphics.sty"
Package: graphics 2019/11/30 v1.4a Standard LaTeX Graphics (DPC,SPQR)

("C:\Users\–ê–ª–µ–∫—Å–µ–π\AppData\Local\Programs\MiKTeX 2.9\tex/latex/graphics\
trig.sty"
Package: trig 2016/01/03 v1.10 sin cos tan (DPC)
)
("C:\Users\–ê–ª–µ–∫—Å–µ–π\AppData\Local\Programs\MiKTeX 2.9\tex/latex/graphics-
cfg\graphics.cfg"
File: graphics.cfg 2016/06/04 v1.11 sample graphics configuration
)
Package graphics Info: Driver file: pdftex.def on input line 105.

("C:\Users\–ê–ª–µ–∫—Å–µ–π\AppData\Local\Programs\MiKTeX 2.9\tex/latex/graphics-
def\pdftex.def"
File: pdftex.def 2018/01/08 v1.0l Graphics/color driver for pdftex
))
\Gin@req@height=\dimen156
\Gin@req@width=\dimen157
)
("C:\Users\–ê–ª–µ–∫—Å–µ–π\AppData\Local\Programs\MiKTeX 2.9\tex/latex/pgf/syste
mlayer\pgfsys.sty"
("C:\Users\–ê–ª–µ–∫—Å–µ–π\AppData\Local\Programs\MiKTeX 2.9\tex/latex/pgf/utili
ties\pgfrcs.sty"
("C:\Users\–ê–ª–µ–∫—Å–µ–π\AppData\Local\Programs\MiKTeX 2.9\tex/generic/pgf/uti
lities\pgfutil-common.tex"
\pgfutil@everybye=\toks29
\pgfutil@tempdima=\dimen158
\pgfutil@tempdimb=\dimen159

("C:\Users\–ê–ª–µ–∫—Å–µ–π\AppData\Local\Programs\MiKTeX 2.9\tex/generic/pgf/uti
lities\pgfutil-common-lists.tex"))
("C:\Users\–ê–ª–µ–∫—Å–µ–π\AppData\Local\Programs\MiKTeX 2.9\tex/generic/pgf/uti
lities\pgfutil-latex.def"
\pgfutil@abb=\box47

("C:\Users\–ê–ª–µ–∫—Å–µ–π\AppData\Local\Programs\MiKTeX 2.9\tex/latex/ms\everys
hi.sty"
Package: everyshi 2001/05/15 v3.00 EveryShipout Package (MS)
))
("C:\Users\–ê–ª–µ–∫—Å–µ–π\AppData\Local\Programs\MiKTeX 2.9\tex/generic/pgf/uti
lities\pgfrcs.code.tex"
("C:\Users\–ê–ª–µ–∫—Å–µ–π\AppData\Local\Programs\MiKTeX 2.9\tex/generic/pgf\pgf
.revision.tex")
Package: pgfrcs 2020/01/08 v3.1.5b (3.1.5b)
))
("C:\Users\–ê–ª–µ–∫—Å–µ–π\AppData\Local\Programs\MiKTeX 2.9\tex/generic/pgf/sys
temlayer\pgfsys.code.tex"
Package: pgfsys 2020/01/08 v3.1.5b (3.1.5b)

("C:\Users\–ê–ª–µ–∫—Å–µ–π\AppData\Local\Programs\MiKTeX 2.9\tex/generic/pgf/uti
lities\pgfkeys.code.tex"
\pgfkeys@pathtoks=\toks30
\pgfkeys@temptoks=\toks31

("C:\Users\–ê–ª–µ–∫—Å–µ–π\AppData\Local\Programs\MiKTeX 2.9\tex/generic/pgf/uti
lities\pgfkeysfiltered.code.tex"
\pgfkeys@tmptoks=\toks32
))
\pgf@x=\dimen160
\pgf@y=\dimen161
\pgf@xa=\dimen162
\pgf@ya=\dimen163
\pgf@xb=\dimen164
\pgf@yb=\dimen165
\pgf@xc=\dimen166
\pgf@yc=\dimen167
\pgf@xd=\dimen168
\pgf@yd=\dimen169
\w@pgf@writea=\write3
\r@pgf@reada=\read3
\c@pgf@counta=\count193
\c@pgf@countb=\count194
\c@pgf@countc=\count195
\c@pgf@countd=\count196
\t@pgf@toka=\toks33
\t@pgf@tokb=\toks34
\t@pgf@tokc=\toks35
\pgf@sys@id@count=\count197

("C:\Users\–ê–ª–µ–∫—Å–µ–π\AppData\Local\Programs\MiKTeX 2.9\tex/generic/pgf/sys
temlayer\pgf.cfg"
File: pgf.cfg 2020/01/08 v3.1.5b (3.1.5b)
)
Driver file for pgf: pgfsys-pdftex.def

("C:\Users\–ê–ª–µ–∫—Å–µ–π\AppData\Local\Programs\MiKTeX 2.9\tex/generic/pgf/sys
temlayer\pgfsys-pdftex.def"
File: pgfsys-pdftex.def 2020/01/08 v3.1.5b (3.1.5b)

("C:\Users\–ê–ª–µ–∫—Å–µ–π\AppData\Local\Programs\MiKTeX 2.9\tex/generic/pgf/sys
temlayer\pgfsys-common-pdf.def"
File: pgfsys-common-pdf.def 2020/01/08 v3.1.5b (3.1.5b)
)))
("C:\Users\–ê–ª–µ–∫—Å–µ–π\AppData\Local\Programs\MiKTeX 2.9\tex/generic/pgf/sys
temlayer\pgfsyssoftpath.code.tex"
File: pgfsyssoftpath.code.tex 2020/01/08 v3.1.5b (3.1.5b)
\pgfsyssoftpath@smallbuffer@items=\count198
\pgfsyssoftpath@bigbuffer@items=\count199
)
("C:\Users\–ê–ª–µ–∫—Å–µ–π\AppData\Local\Programs\MiKTeX 2.9\tex/generic/pgf/sys
temlayer\pgfsysprotocol.code.tex"
File: pgfsysprotocol.code.tex 2020/01/08 v3.1.5b (3.1.5b)
))
("C:\Users\–ê–ª–µ–∫—Å–µ–π\AppData\Local\Programs\MiKTeX 2.9\tex/latex/xcolor\xc
olor.sty"
Package: xcolor 2016/05/11 v2.12 LaTeX color extensions (UK)

("C:\Users\–ê–ª–µ–∫—Å–µ–π\AppData\Local\Programs\MiKTeX 2.9\tex/latex/graphics-
cfg\color.cfg"
File: color.cfg 2016/01/02 v1.6 sample color configuration
)
Package xcolor Info: Driver file: pdftex.def on input line 225.
Package xcolor Info: Model `cmy' substituted by `cmy0' on input line 1348.
Package xcolor Info: Model `hsb' substituted by `rgb' on input line 1352.
Package xcolor Info: Model `RGB' extended on input line 1364.
Package xcolor Info: Model `HTML' substituted by `rgb' on input line 1366.
Package xcolor Info: Model `Hsb' substituted by `hsb' on input line 1367.
Package xcolor Info: Model `tHsb' substituted by `hsb' on input line 1368.
Package xcolor Info: Model `HSB' substituted by `hsb' on input line 1369.
Package xcolor Info: Model `Gray' substituted by `gray' on input line 1370.
Package xcolor Info: Model `wave' substituted by `hsb' on input line 1371.
)
("C:\Users\–ê–ª–µ–∫—Å–µ–π\AppData\Local\Programs\MiKTeX 2.9\tex/generic/pgf/bas
iclayer\pgfcore.code.tex"
Package: pgfcore 2020/01/08 v3.1.5b (3.1.5b)

("C:\Users\–ê–ª–µ–∫—Å–µ–π\AppData\Local\Programs\MiKTeX 2.9\tex/generic/pgf/mat
h\pgfmath.code.tex"
("C:\Users\–ê–ª–µ–∫—Å–µ–π\AppData\Local\Programs\MiKTeX 2.9\tex/generic/pgf/mat
h\pgfmathcalc.code.tex"
("C:\Users\–ê–ª–µ–∫—Å–µ–π\AppData\Local\Programs\MiKTeX 2.9\tex/generic/pgf/mat
h\pgfmathutil.code.tex")
("C:\Users\–ê–ª–µ–∫—Å–µ–π\AppData\Local\Programs\MiKTeX 2.9\tex/generic/pgf/mat
h\pgfmathparser.code.tex"
\pgfmath@dimen=\dimen170
\pgfmath@count=\count266
\pgfmath@box=\box48
\pgfmath@toks=\toks36
\pgfmath@stack@operand=\toks37
\pgfmath@stack@operation=\toks38
)
("C:\Users\–ê–ª–µ–∫—Å–µ–π\AppData\Local\Programs\MiKTeX 2.9\tex/generic/pgf/mat
h\pgfmathfunctions.code.tex"
("C:\Users\–ê–ª–µ–∫—Å–µ–π\AppData\Local\Programs\MiKTeX 2.9\tex/generic/pgf/mat
h\pgfmathfunctions.basic.code.tex")
("C:\Users\–ê–ª–µ–∫—Å–µ–π\AppData\Local\Programs\MiKTeX 2.9\tex/generic/pgf/mat
h\pgfmathfunctions.trigonometric.code.tex")
("C:\Users\–ê–ª–µ–∫—Å–µ–π\AppData\Local\Programs\MiKTeX 2.9\tex/generic/pgf/mat
h\pgfmathfunctions.random.code.tex")
("C:\Users\–ê–ª–µ–∫—Å–µ–π\AppData\Local\Programs\MiKTeX 2.9\tex/generic/pgf/mat
h\pgfmathfunctions.comparison.code.tex")
("C:\Users\–ê–ª–µ–∫—Å–µ–π\AppData\Local\Programs\MiKTeX 2.9\tex/generic/pgf/mat
h\pgfmathfunctions.base.code.tex")
("C:\Users\–ê–ª–µ–∫—Å–µ–π\AppData\Local\Programs\MiKTeX 2.9\tex/generic/pgf/mat
h\pgfmathfunctions.round.code.tex")
("C:\Users\–ê–ª–µ–∫—Å–µ–π\AppData\Local\Programs\MiKTeX 2.9\tex/generic/pgf/mat
h\pgfmathfunctions.misc.code.tex")
("C:\Users\–ê–ª–µ–∫—Å–µ–π\AppData\Local\Programs\MiKTeX 2.9\tex/generic/pgf/mat
h\pgfmathfunctions.integerarithmetics.code.tex")))
("C:\Users\–ê–ª–µ–∫—Å–µ–π\AppData\Local\Programs\MiKTeX 2.9\tex/generic/pgf/mat
h\pgfmathfloat.code.tex"
\c@pgfmathroundto@lastzeros=\count267
))
("C:\Users\–ê–ª–µ–∫—Å–µ–π\AppData\Local\Programs\MiKTeX 2.9\tex/generic/pgf/mat
h\pgfint.code.tex")
("C:\Users\–ê–ª–µ–∫—Å–µ–π\AppData\Local\Programs\MiKTeX 2.9\tex/generic/pgf/bas
iclayer\pgfcorepoints.code.tex"
File: pgfcorepoints.code.tex 2020/01/08 v3.1.5b (3.1.5b)
\pgf@picminx=\dimen171
\pgf@picmaxx=\dimen172
\pgf@picminy=\dimen173
\pgf@picmaxy=\dimen174
\pgf@pathminx=\dimen175
\pgf@pathmaxx=\dimen176
\pgf@pathminy=\dimen177
\pgf@pathmaxy=\dimen178
\pgf@xx=\dimen179
\pgf@xy=\dimen180
\pgf@yx=\dimen181
\pgf@yy=\dimen182
\pgf@zx=\dimen183
\pgf@zy=\dimen184
)
("C:\Users\–ê–ª–µ–∫—Å–µ–π\AppData\Local\Programs\MiKTeX 2.9\tex/generic/pgf/bas
iclayer\pgfcorepathconstruct.code.tex"
File: pgfcorepathconstruct.code.tex 2020/01/08 v3.1.5b (3.1.5b)
\pgf@path@lastx=\dimen185
\pgf@path@lasty=\dimen186
)
("C:\Users\–ê–ª–µ–∫—Å–µ–π\AppData\Local\Programs\MiKTeX 2.9\tex/generic/pgf/bas
iclayer\pgfcorepathusage.code.tex"
File: pgfcorepathusage.code.tex 2020/01/08 v3.1.5b (3.1.5b)
\pgf@shorten@end@additional=\dimen187
\pgf@shorten@start@additional=\dimen188
)
("C:\Users\–ê–ª–µ–∫—Å–µ–π\AppData\Local\Programs\MiKTeX 2.9\tex/generic/pgf/bas
iclayer\pgfcorescopes.code.tex"
File: pgfcorescopes.code.tex 2020/01/08 v3.1.5b (3.1.5b)
\pgfpic=\box49
\pgf@hbox=\box50
\pgf@layerbox@main=\box51
\pgf@picture@serial@count=\count268
)
("C:\Users\–ê–ª–µ–∫—Å–µ–π\AppData\Local\Programs\MiKTeX 2.9\tex/generic/pgf/bas
iclayer\pgfcoregraphicstate.code.tex"
File: pgfcoregraphicstate.code.tex 2020/01/08 v3.1.5b (3.1.5b)
\pgflinewidth=\dimen189
)
("C:\Users\–ê–ª–µ–∫—Å–µ–π\AppData\Local\Programs\MiKTeX 2.9\tex/generic/pgf/bas
iclayer\pgfcoretransformations.code.tex"
File: pgfcoretransformations.code.tex 2020/01/08 v3.1.5b (3.1.5b)
\pgf@pt@x=\dimen190
\pgf@pt@y=\dimen191
\pgf@pt@temp=\dimen192
)
("C:\Users\–ê–ª–µ–∫—Å–µ–π\AppData\Local\Programs\MiKTeX 2.9\tex/generic/pgf/bas
iclayer\pgfcorequick.code.tex"
File: pgfcorequick.code.tex 2020/01/08 v3.1.5b (3.1.5b)
)
("C:\Users\–ê–ª–µ–∫—Å–µ–π\AppData\Local\Programs\MiKTeX 2.9\tex/generic/pgf/bas
iclayer\pgfcoreobjects.code.tex"
File: pgfcoreobjects.code.tex 2020/01/08 v3.1.5b (3.1.5b)
)
("C:\Users\–ê–ª–µ–∫—Å–µ–π\AppData\Local\Programs\MiKTeX 2.9\tex/generic/pgf/bas
iclayer\pgfcorepathprocessing.code.tex"
File: pgfcorepathprocessing.code.tex 2020/01/08 v3.1.5b (3.1.5b)
)
("C:\Users\–ê–ª–µ–∫—Å–µ–π\AppData\Local\Programs\MiKTeX 2.9\tex/generic/pgf/bas
iclayer\pgfcorearrows.code.tex"
File: pgfcorearrows.code.tex 2020/01/08 v3.1.5b (3.1.5b)
\pgfarrowsep=\dimen193
)
("C:\Users\–ê–ª–µ–∫—Å–µ–π\AppData\Local\Programs\MiKTeX 2.9\tex/generic/pgf/bas
iclayer\pgfcoreshade.code.tex"
File: pgfcoreshade.code.tex 2020/01/08 v3.1.5b (3.1.5b)
\pgf@max=\dimen194
\pgf@sys@shading@range@num=\count269
\pgf@shadingcount=\count270
)
("C:\Users\–ê–ª–µ–∫—Å–µ–π\AppData\Local\Programs\MiKTeX 2.9\tex/generic/pgf/bas
iclayer\pgfcoreimage.code.tex"
File: pgfcoreimage.code.tex 2020/01/08 v3.1.5b (3.1.5b)

("C:\Users\–ê–ª–µ–∫—Å–µ–π\AppData\Local\Programs\MiKTeX 2.9\tex/generic/pgf/bas
iclayer\pgfcoreexternal.code.tex"
File: pgfcoreexternal.code.tex 2020/01/08 v3.1.5b (3.1.5b)
\pgfexternal@startupbox=\box52
))
("C:\Users\–ê–ª–µ–∫—Å–µ–π\AppData\Local\Programs\MiKTeX 2.9\tex/generic/pgf/bas
iclayer\pgfcorelayers.code.tex"
File: pgfcorelayers.code.tex 2020/01/08 v3.1.5b (3.1.5b)
)
("C:\Users\–ê–ª–µ–∫—Å–µ–π\AppData\Local\Programs\MiKTeX 2.9\tex/generic/pgf/bas
iclayer\pgfcoretransparency.code.tex"
File: pgfcoretransparency.code.tex 2020/01/08 v3.1.5b (3.1.5b)
)
("C:\Users\–ê–ª–µ–∫—Å–µ–π\AppData\Local\Programs\MiKTeX 2.9\tex/generic/pgf/bas
iclayer\pgfcorepatterns.code.tex"
File: pgfcorepatterns.code.tex 2020/01/08 v3.1.5b (3.1.5b)
)
("C:\Users\–ê–ª–µ–∫—Å–µ–π\AppData\Local\Programs\MiKTeX 2.9\tex/generic/pgf/bas
iclayer\pgfcorerdf.code.tex"
File: pgfcorerdf.code.tex 2020/01/08 v3.1.5b (3.1.5b)
)))
("C:\Users\–ê–ª–µ–∫—Å–µ–π\AppData\Local\Programs\MiKTeX 2.9\tex/latex/tools\cal
c.sty"
Package: calc 2017/05/25 v4.3 Infix arithmetic (KKT,FJ)
\calc@Acount=\count271
\calc@Bcount=\count272
\calc@Adimen=\dimen195
\calc@Bdimen=\dimen196
\calc@Askip=\skip62
\calc@Bskip=\skip63
LaTeX Info: Redefining \setlength on input line 80.
LaTeX Info: Redefining \addtolength on input line 81.
\calc@Ccount=\count273
\calc@Cskip=\skip64
)
\pgf@logicalpages=\count274
\pgf@firstshipout=\count275
\pgf@lastshipout=\count276
\pgf@currentshipout=\count277
\pgf@cpn=\count278
\pgf@shipoutnextto=\count279
\pgfphysicalheight=\dimen197
\pgfphysicalwidth=\dimen198
\pgfpages@shipoutbox=\box53
)
("C:\Users\–ê–ª–µ–∫—Å–µ–π\AppData\Local\Programs\MiKTeX 2.9\tex/latex/l3backend
\l3backend-pdfmode.def"
File: l3backend-pdfmode.def 2020-03-12 L3 backend support: PDF mode
\l__kernel_color_stack_int=\count280
\l__pdf_internal_box=\box54
)
No file lab22.aux.
\openout1 = `lab22.aux'.

LaTeX Font Info:    Checking defaults for OML/cmm/m/it on input line 22.
LaTeX Font Info:    ... okay on input line 22.
LaTeX Font Info:    Checking defaults for OMS/cmsy/m/n on input line 22.
LaTeX Font Info:    ... okay on input line 22.
LaTeX Font Info:    Checking defaults for OT1/cmr/m/n on input line 22.
LaTeX Font Info:    ... okay on input line 22.
LaTeX Font Info:    Checking defaults for T1/cmr/m/n on input line 22.
LaTeX Font Info:    ... okay on input line 22.
LaTeX Font Info:    Checking defaults for TS1/cmr/m/n on input line 22.
LaTeX Font Info:    ... okay on input line 22.
LaTeX Font Info:    Checking defaults for OMX/cmex/m/n on input line 22.
LaTeX Font Info:    ... okay on input line 22.
LaTeX Font Info:    Checking defaults for U/cmr/m/n on input line 22.
LaTeX Font Info:    ... okay on input line 22.
LaTeX Font Info:    Checking defaults for T2A/cmr/m/n on input line 22.
LaTeX Font Info:    Trying to load font information for T2A+cmr on input line 2
2.

("C:\Users\–ê–ª–µ–∫—Å–µ–π\AppData\Local\Programs\MiKTeX 2.9\tex/latex/cyrillic\
t2acmr.fd"
File: t2acmr.fd 2001/08/11 v1.0a Computer Modern Cyrillic font definitions
)
LaTeX Font Info:    ... okay on input line 22.

*geometry* driver: auto-detecting
*geometry* detected driver: pdftex
*geometry* verbose mode - [ preamble ] result:
* driver: pdftex
* paper: a5paper
* layout: <same size as paper>
* layoutoffset:(h,v)=(0.0pt,0.0pt)
* modes: twoside 
* h-part:(L,W,R)=(71.13188pt, 299.43631pt, 50.5326pt)
* v-part:(T,H,B)=(71.13188pt, 469.47049pt, 56.9055pt)
* \paperwidth=421.10078pt
* \paperheight=597.50787pt
* \textwidth=299.43631pt
* \textheight=469.47049pt
* \oddsidemargin=-1.1381pt
* \evensidemargin=-21.7374pt
* \topmargin=-31.2056pt
* \headheight=12.0pt
* \headsep=10.0pt
* \topskip=10.0pt
* \footskip=25.29494pt
* \marginparwidth=51.0pt
* \marginparsep=7.0pt
* \columnsep=10.0pt
* \skip\footins=9.0pt plus 4.0pt minus 2.0pt
* \hoffset=0.0pt
* \voffset=0.0pt
* \mag=1000
* \@twocolumnfalse
* \@twosidetrue
* \@mparswitchtrue
* \@reversemarginfalse
* (1in=72.27pt=25.4mm, 1cm=28.453pt)


("C:\Users\–ê–ª–µ–∫—Å–µ–π\AppData\Local\Programs\MiKTeX 2.9\tex/context/base/mk
ii\supp-pdf.mkii"
[Loading MPS to PDF converter (version 2006.09.02).]
\scratchcounter=\count281
\scratchdimen=\dimen199
\scratchbox=\box55
\nofMPsegments=\count282
\nofMParguments=\count283
\everyMPshowfont=\toks39
\MPscratchCnt=\count284
\MPscratchDim=\dimen256
\MPnumerator=\count285
\makeMPintoPDFobject=\count286
\everyMPtoPDFconversion=\toks40
)
("C:\Users\–ê–ª–µ–∫—Å–µ–π\AppData\Local\Programs\MiKTeX 2.9\tex/latex/epstopdf-
pkg\epstopdf-base.sty"
Package: epstopdf-base 2020-01-24 v2.11 Base part for package epstopdf
Package epstopdf-base Info: Redefining graphics rule for `.eps' on input line 4
85.
) ABD: EveryShipout initializing macros
LaTeX Font Info:    Trying to load font information for U+msa on input line 27.


("C:\Users\–ê–ª–µ–∫—Å–µ–π\AppData\Local\Programs\MiKTeX 2.9\tex/latex/amsfonts\
umsa.fd"
File: umsa.fd 2013/01/14 v3.01 AMS symbols A
)
LaTeX Font Info:    Trying to load font information for U+msb on input line 27.


("C:\Users\–ê–ª–µ–∫—Å–µ–π\AppData\Local\Programs\MiKTeX 2.9\tex/latex/amsfonts\
umsb.fd"
File: umsb.fd 2013/01/14 v3.01 AMS symbols B
)

Package amsmath Warning: Foreign command \atopwithdelims;
(amsmath)                \frac or \genfrac should be used instead
(amsmath)                 on input line 27.


Underfull \hbox (badness 2035) in paragraph at lines 36--36
[]\T2A/cmr/bx/n/10 “ÂÓÂÏ‡ 183. \T2A/cmr/m/it/10 ƒÎˇ Í‡Ê-‰Ó-„Ó ˆÂ-ÎÓ-„Ó m $\U/m
sa/m/n/10 >$ \T2A/cmr/m/it/10 1 Ë x > 0
 []

[146{C:/Users/–ê–ª–µ–∫—Å–µ–π/AppData/Local/MiKTeX/2.9/pdftex/config/pdftex.map}

]
Underfull \hbox (badness 10000) in paragraph at lines 65--65

 []


Underfull \hbox (badness 10000) in paragraph at lines 65--65

 []


Underfull \hbox (badness 1360) in paragraph at lines 66--67
[]\T2A/cmr/m/n/10 “ÂÓÂÏ‡ 183 ËÏÂ-ÂÚ ÏÂ-ÒÚÓ ‰Îˇ Í‡Ê-‰Ó-„Ó $\OML/cmm/m/it/10 x >
 \OT1/cmr/m/n/10 1$\T2A/cmr/m/n/10 ; Ó‰-Ì‡-ÍÓ,
 []


Underfull \hbox (badness 10000) in paragraph at lines 72--74

 []

[147] (lab22.aux) ) 
Here is how much of TeX's memory you used:
 12017 strings out of 480898
 217958 string characters out of 2893971
 454250 words of memory out of 3000000
 27672 multiletter control sequences out of 15000+200000
 537687 words of font info for 39 fonts, out of 3000000 for 9000
 1141 hyphenation exceptions out of 8191
 52i,12n,56p,388b,229s stack positions out of 5000i,500n,10000p,200000b,50000s
{C:/Users/–ê–ª–µ–∫—Å–µ–π/AppData/Local/Programs/MiKTeX 2.9/f
onts/enc/dvips/cm-super/cm-super-t2a.enc}<C:/Users/–ê–ª–µ–∫—Å–µ–π/AppData/Local
/Programs/MiKTeX 2.9/fonts/type1/public/amsfonts/cm/cmex10.pfb><C:/Users/–ê–ª–µ
–∫—Å–µ–π/AppData/Local/Programs/MiKTeX 2.9/fonts/type1/public/amsfonts/cm/cmmi1
0.pfb><C:/Users/–ê–ª–µ–∫—Å–µ–π/AppData/Local/Programs/MiKTeX 2.9/fonts/type1/pu
blic/amsfonts/cm/cmmi5.pfb><C:/Users/–ê–ª–µ–∫—Å–µ–π/AppData/Local/Programs/MiKT
eX 2.9/fonts/type1/public/amsfonts/cm/cmmi7.pfb><C:/Users/–ê–ª–µ–∫—Å–µ–π/AppDat
a/Local/Programs/MiKTeX 2.9/fonts/type1/public/amsfonts/cm/cmr10.pfb><C:/Users/
–ê–ª–µ–∫—Å–µ–π/AppData/Local/Programs/MiKTeX 2.9/fonts/type1/public/amsfonts/cm
/cmr5.pfb><C:/Users/–ê–ª–µ–∫—Å–µ–π/AppData/Local/Programs/MiKTeX 2.9/fonts/type
1/public/amsfonts/cm/cmr7.pfb><C:/Users/–ê–ª–µ–∫—Å–µ–π/AppData/Local/Programs/M
iKTeX 2.9/fonts/type1/public/amsfonts/cm/cmsy10.pfb><C:/Users/–ê–ª–µ–∫—Å–µ–π/Ap
pData/Local/Programs/MiKTeX 2.9/fonts/type1/public/amsfonts/cm/cmsy5.pfb><C:/Us
ers/–ê–ª–µ–∫—Å–µ–π/AppData/Local/Programs/MiKTeX 2.9/fonts/type1/public/amsfont
s/cm/cmsy7.pfb><C:/Users/–ê–ª–µ–∫—Å–µ–π/AppData/Local/Programs/MiKTeX 2.9/fonts
/type1/public/amsfonts/euler/eurm10.pfb><C:/Users/–ê–ª–µ–∫—Å–µ–π/AppData/Local/
Programs/MiKTeX 2.9/fonts/type1/public/amsfonts/euler/eurm5.pfb><C:/Users/–ê–ª–
µ–∫—Å–µ–π/AppData/Local/Programs/MiKTeX 2.9/fonts/type1/public/amsfonts/euler/e
urm7.pfb><C:/Users/–ê–ª–µ–∫—Å–µ–π/AppData/Local/Programs/MiKTeX 2.9/fonts/type1
/public/amsfonts/symbols/msam10.pfb><C:/Users/–ê–ª–µ–∫—Å–µ–π/AppData/Local/Prog
rams/MiKTeX 2.9/fonts/type1/public/cm-super/sfbx1000.pfb><C:/Users/–ê–ª–µ–∫—Å–µ
–π/AppData/Local/Programs/MiKTeX 2.9/fonts/type1/public/cm-super/sfrm1000.pfb><
C:/Users/–ê–ª–µ–∫—Å–µ–π/AppData/Local/Programs/MiKTeX 2.9/fonts/type1/public/cm
-super/sfti1000.pfb>
Output written on lab22.pdf (2 pages, 175294 bytes).
PDF statistics:
 81 PDF objects out of 1000 (max. 8388607)
 0 named destinations out of 1000 (max. 500000)
 13 words of extra memory for PDF output out of 10000 (max. 10000000)

